2018-12-05 16:54:43,958 - logger.py:[line:40] - test - info log
2018-12-05 16:54:43,959 - logger.py:[line:41] - test - debug log
2018-12-05 16:54:43,959 - logger.py:[line:42] - test - waring log
2018-12-05 16:55:11,400 - logger.py:[line:41] - tes222t - info log
2018-12-05 16:55:11,400 - logger.py:[line:42] - tes222t - debug log
2018-12-05 16:55:11,400 - logger.py:[line:43] - tes222t - waring log
2018-12-05 16:55:21,664 - logger.py:[line:41] - test - info log
2018-12-05 16:55:21,664 - logger.py:[line:42] - test - debug log
2018-12-05 16:55:21,664 - logger.py:[line:43] - test - waring log
2018-12-05 16:55:37,102 - logger.py:[line:41] - test - info log
2018-12-05 16:55:37,103 - logger.py:[line:42] - test - debug log
2018-12-05 16:55:37,103 - logger.py:[line:43] - test - waring log
2018-12-05 16:55:37,103 - logger.py:[line:44] - tes222t - info log
2018-12-05 16:55:37,103 - logger.py:[line:45] - tes222t - debug log
2018-12-05 16:55:37,103 - logger.py:[line:46] - tes222t - waring log
2018-12-05 16:56:08,847 - logger.py:[line:41] - test - info log
2018-12-05 16:56:08,847 - logger.py:[line:42] - test - debug log
2018-12-05 16:56:08,847 - logger.py:[line:43] - test - waring log
2018-12-05 16:56:08,847 - logger.py:[line:44] - tes222t - info log
2018-12-05 16:56:08,847 - logger.py:[line:45] - tes222t - debug log
2018-12-05 16:56:08,847 - logger.py:[line:46] - tes222t - waring log
